Flow report for Oscill_main_top
Sun Jan 30 14:51:09 2022
Quartus Prime Version 17.1.0 Build 590 10/25/2017 SJ Lite Edition


---------------------
; Table of Contents ;
---------------------
  1. Legal Notice
  2. Flow Summary
  3. Flow Settings
  4. Flow Non-Default Global Settings
  5. Flow Elapsed Time
  6. Flow OS Summary
  7. Flow Log
  8. Flow Messages
  9. Flow Suppressed Messages



----------------
; Legal Notice ;
----------------
Copyright (C) 2017  Intel Corporation. All rights reserved.
Your use of Intel Corporation's design tools, logic functions 
and other software and tools, and its AMPP partner logic 
functions, and any output files from any of the foregoing 
(including device programming or simulation files), and any 
associated documentation or information are expressly subject 
to the terms and conditions of the Intel Program License 
Subscription Agreement, the Intel Quartus Prime License Agreement,
the Intel FPGA IP License Agreement, or other applicable license
agreement, including, without limitation, that your use is for
the sole purpose of programming logic devices manufactured by
Intel and sold by Intel or its authorized distributors.  Please
refer to the applicable agreement for further details.



+----------------------------------------------------------------------------------+
; Flow Summary                                                                     ;
+------------------------------------+---------------------------------------------+
; Flow Status                        ; Successful - Sun Jan 30 14:51:09 2022       ;
; Quartus Prime Version              ; 17.1.0 Build 590 10/25/2017 SJ Lite Edition ;
; Revision Name                      ; Oscill_main_top                             ;
; Top-level Entity Name              ; final_top                                   ;
; Family                             ; Cyclone IV E                                ;
; Device                             ; EP4CE15F23C8                                ;
; Timing Models                      ; Final                                       ;
; Total logic elements               ; 1,731 / 15,408 ( 11 % )                     ;
;     Total combinational functions  ; 1,196 / 15,408 ( 8 % )                      ;
;     Dedicated logic registers      ; 1,243 / 15,408 ( 8 % )                      ;
; Total registers                    ; 1243                                        ;
; Total pins                         ; 49 / 344 ( 14 % )                           ;
; Total virtual pins                 ; 0                                           ;
; Total memory bits                  ; 157,824 / 516,096 ( 31 % )                  ;
; Embedded Multiplier 9-bit elements ; 0 / 112 ( 0 % )                             ;
; Total PLLs                         ; 1 / 4 ( 25 % )                              ;
+------------------------------------+---------------------------------------------+


+-----------------------------------------+
; Flow Settings                           ;
+-------------------+---------------------+
; Option            ; Setting             ;
+-------------------+---------------------+
; Start date & time ; 01/30/2022 14:48:29 ;
; Main task         ; Compilation         ;
; Revision Name     ; Oscill_main_top     ;
+-------------------+---------------------+


+-----------------------------------------------------------------------------------------------------------------------------------------------------------------------------------------------------------------------------------------+
; Flow Non-Default Global Settings                                                                                                                                                                                                        ;
+--------------------------------------+---------------------------------------------------------------------------------------------------------------------------------------------+-----------------+-------------+--------------------+
; Assignment Name                      ; Value                                                                                                                                       ; Default Value   ; Entity Name ; Section Id         ;
+--------------------------------------+---------------------------------------------------------------------------------------------------------------------------------------------+-----------------+-------------+--------------------+
; COMPILER_SIGNATURE_ID                ; 253621750283525.164352530723504                                                                                                             ; --              ; --          ; --                 ;
; EDA_DESIGN_INSTANCE_NAME             ; NA                                                                                                                                          ; --              ; --          ; multiwave_tb       ;
; EDA_DESIGN_INSTANCE_NAME             ; NA                                                                                                                                          ; --              ; --          ; Oscill_main_top_tb ;
; EDA_DESIGN_INSTANCE_NAME             ; NA                                                                                                                                          ; --              ; --          ; final_top_tb       ;
; EDA_NATIVELINK_SIMULATION_TEST_BENCH ; final_top_tb                                                                                                                                ; --              ; --          ; eda_simulation     ;
; EDA_OUTPUT_DATA_FORMAT               ; Verilog Hdl                                                                                                                                 ; --              ; --          ; eda_simulation     ;
; EDA_SIMULATION_TOOL                  ; ModelSim (Verilog)                                                                                                                          ; <None>          ; --          ; --                 ;
; EDA_TEST_BENCH_ENABLE_STATUS         ; TEST_BENCH_MODE                                                                                                                             ; --              ; --          ; eda_simulation     ;
; EDA_TEST_BENCH_FILE                  ; multiwave_tb.v                                                                                                                              ; --              ; --          ; multiwave_tb       ;
; EDA_TEST_BENCH_FILE                  ; Oscill_main_top_tb.v                                                                                                                        ; --              ; --          ; Oscill_main_top_tb ;
; EDA_TEST_BENCH_FILE                  ; final_top_tb.v                                                                                                                              ; --              ; --          ; final_top_tb       ;
; EDA_TEST_BENCH_MODULE_NAME           ; multiwave_tb                                                                                                                                ; --              ; --          ; multiwave_tb       ;
; EDA_TEST_BENCH_MODULE_NAME           ; Oscill_main_top_tb                                                                                                                          ; --              ; --          ; Oscill_main_top_tb ;
; EDA_TEST_BENCH_MODULE_NAME           ; final_top_tb                                                                                                                                ; --              ; --          ; final_top_tb       ;
; EDA_TEST_BENCH_NAME                  ; Oscill_main_top_tb                                                                                                                          ; --              ; --          ; eda_simulation     ;
; EDA_TEST_BENCH_NAME                  ; multiwave_tb                                                                                                                                ; --              ; --          ; eda_simulation     ;
; EDA_TEST_BENCH_NAME                  ; final_top_tb                                                                                                                                ; --              ; --          ; eda_simulation     ;
; EDA_TIME_SCALE                       ; 1 ps                                                                                                                                        ; --              ; --          ; eda_simulation     ;
; ENABLE_SIGNALTAP                     ; On                                                                                                                                          ; --              ; --          ; --                 ;
; MAX_CORE_JUNCTION_TEMP               ; 85                                                                                                                                          ; --              ; --          ; --                 ;
; MIN_CORE_JUNCTION_TEMP               ; 0                                                                                                                                           ; --              ; --          ; --                 ;
; MISC_FILE                            ; Oscill_ram_inst.v                                                                                                                           ; --              ; --          ; --                 ;
; MISC_FILE                            ; Oscill_PLL_32M_inst.v                                                                                                                       ; --              ; --          ; --                 ;
; MISC_FILE                            ; Oscill_PLL_32M.ppf                                                                                                                          ; --              ; --          ; --                 ;
; MISC_FILE                            ; Oscill_fifo_sel_inst.v                                                                                                                      ; --              ; --          ; --                 ;
; MISC_FILE                            ; Oscill_fifo_inst.v                                                                                                                          ; --              ; --          ; --                 ;
; MISC_FILE                            ; my_sin_bb.v                                                                                                                                 ; --              ; --          ; --                 ;
; MISC_FILE                            ; my_juchi_bb.v                                                                                                                               ; --              ; --          ; --                 ;
; MISC_FILE                            ; my_trig_bb.v                                                                                                                                ; --              ; --          ; --                 ;
; MISC_FILE                            ; my_rec_bb.v                                                                                                                                 ; --              ; --          ; --                 ;
; NOMINAL_CORE_SUPPLY_VOLTAGE          ; 1.2V                                                                                                                                        ; --              ; --          ; --                 ;
; PARTITION_COLOR                      ; -- (Not supported for targeted family)                                                                                                      ; --              ; final_top   ; Top                ;
; PARTITION_FITTER_PRESERVATION_LEVEL  ; -- (Not supported for targeted family)                                                                                                      ; --              ; final_top   ; Top                ;
; PARTITION_NETLIST_TYPE               ; -- (Not supported for targeted family)                                                                                                      ; --              ; final_top   ; Top                ;
; POWER_BOARD_THERMAL_MODEL            ; None (CONSERVATIVE)                                                                                                                         ; --              ; --          ; --                 ;
; POWER_PRESET_COOLING_SOLUTION        ; 23 MM HEAT SINK WITH 200 LFPM AIRFLOW                                                                                                       ; --              ; --          ; --                 ;
; PROJECT_OUTPUT_DIRECTORY             ; output_files                                                                                                                                ; --              ; --          ; --                 ;
; SLD_FILE                             ; db/stp2_auto_stripped.stp                                                                                                                   ; --              ; --          ; --                 ;
; SLD_NODE_CREATOR_ID                  ; 110                                                                                                                                         ; --              ; --          ; auto_signaltap_0   ;
; SLD_NODE_ENTITY_NAME                 ; sld_signaltap                                                                                                                               ; --              ; --          ; auto_signaltap_0   ;
; SLD_NODE_PARAMETER_ASSIGNMENT        ; SLD_RAM_BLOCK_TYPE=AUTO                                                                                                                     ; --              ; --          ; auto_signaltap_0   ;
; SLD_NODE_PARAMETER_ASSIGNMENT        ; SLD_NODE_INFO=805334528                                                                                                                     ; --              ; --          ; auto_signaltap_0   ;
; SLD_NODE_PARAMETER_ASSIGNMENT        ; SLD_POWER_UP_TRIGGER=0                                                                                                                      ; --              ; --          ; auto_signaltap_0   ;
; SLD_NODE_PARAMETER_ASSIGNMENT        ; SLD_STORAGE_QUALIFIER_INVERSION_MASK_LENGTH=0                                                                                               ; --              ; --          ; auto_signaltap_0   ;
; SLD_NODE_PARAMETER_ASSIGNMENT        ; SLD_SEGMENT_SIZE=1024                                                                                                                       ; --              ; --          ; auto_signaltap_0   ;
; SLD_NODE_PARAMETER_ASSIGNMENT        ; SLD_ATTRIBUTE_MEM_MODE=OFF                                                                                                                  ; --              ; --          ; auto_signaltap_0   ;
; SLD_NODE_PARAMETER_ASSIGNMENT        ; SLD_STATE_FLOW_USE_GENERATED=0                                                                                                              ; --              ; --          ; auto_signaltap_0   ;
; SLD_NODE_PARAMETER_ASSIGNMENT        ; SLD_STATE_BITS=11                                                                                                                           ; --              ; --          ; auto_signaltap_0   ;
; SLD_NODE_PARAMETER_ASSIGNMENT        ; SLD_BUFFER_FULL_STOP=1                                                                                                                      ; --              ; --          ; auto_signaltap_0   ;
; SLD_NODE_PARAMETER_ASSIGNMENT        ; SLD_CURRENT_RESOURCE_WIDTH=1                                                                                                                ; --              ; --          ; auto_signaltap_0   ;
; SLD_NODE_PARAMETER_ASSIGNMENT        ; SLD_INCREMENTAL_ROUTING=1                                                                                                                   ; --              ; --          ; auto_signaltap_0   ;
; SLD_NODE_PARAMETER_ASSIGNMENT        ; SLD_TRIGGER_LEVEL=1                                                                                                                         ; --              ; --          ; auto_signaltap_0   ;
; SLD_NODE_PARAMETER_ASSIGNMENT        ; SLD_SAMPLE_DEPTH=1024                                                                                                                       ; --              ; --          ; auto_signaltap_0   ;
; SLD_NODE_PARAMETER_ASSIGNMENT        ; SLD_TRIGGER_IN_ENABLED=0                                                                                                                    ; --              ; --          ; auto_signaltap_0   ;
; SLD_NODE_PARAMETER_ASSIGNMENT        ; SLD_TRIGGER_PIPELINE=0                                                                                                                      ; --              ; --          ; auto_signaltap_0   ;
; SLD_NODE_PARAMETER_ASSIGNMENT        ; SLD_RAM_PIPELINE=0                                                                                                                          ; --              ; --          ; auto_signaltap_0   ;
; SLD_NODE_PARAMETER_ASSIGNMENT        ; SLD_COUNTER_PIPELINE=0                                                                                                                      ; --              ; --          ; auto_signaltap_0   ;
; SLD_NODE_PARAMETER_ASSIGNMENT        ; SLD_ADVANCED_TRIGGER_ENTITY=basic,1,                                                                                                        ; --              ; --          ; auto_signaltap_0   ;
; SLD_NODE_PARAMETER_ASSIGNMENT        ; SLD_TRIGGER_LEVEL_PIPELINE=1                                                                                                                ; --              ; --          ; auto_signaltap_0   ;
; SLD_NODE_PARAMETER_ASSIGNMENT        ; SLD_ENABLE_ADVANCED_TRIGGER=0                                                                                                               ; --              ; --          ; auto_signaltap_0   ;
; SLD_NODE_PARAMETER_ASSIGNMENT        ; SLD_DATA_BITS=32                                                                                                                            ; --              ; --          ; auto_signaltap_0   ;
; SLD_NODE_PARAMETER_ASSIGNMENT        ; SLD_TRIGGER_BITS=32                                                                                                                         ; --              ; --          ; auto_signaltap_0   ;
; SLD_NODE_PARAMETER_ASSIGNMENT        ; SLD_STORAGE_QUALIFIER_BITS=32                                                                                                               ; --              ; --          ; auto_signaltap_0   ;
; SLD_NODE_PARAMETER_ASSIGNMENT        ; SLD_INVERSION_MASK=000000000000000000000000000000000000000000000000000000000000000000000000000000000000000000000000000000000000000000000000 ; --              ; --          ; auto_signaltap_0   ;
; SLD_NODE_PARAMETER_ASSIGNMENT        ; SLD_INVERSION_MASK_LENGTH=120                                                                                                               ; --              ; --          ; auto_signaltap_0   ;
; TOP_LEVEL_ENTITY                     ; final_top                                                                                                                                   ; Oscill_main_top ; --          ; --                 ;
; USE_SIGNALTAP_FILE                   ; stp2.stp                                                                                                                                    ; --              ; --          ; --                 ;
+--------------------------------------+---------------------------------------------------------------------------------------------------------------------------------------------+-----------------+-------------+--------------------+


+-------------------------------------------------------------------------------------------------------------------------------+
; Flow Elapsed Time                                                                                                             ;
+---------------------------+--------------+-------------------------+---------------------+------------------------------------+
; Module Name               ; Elapsed Time ; Average Processors Used ; Peak Virtual Memory ; Total CPU Time (on all processors) ;
+---------------------------+--------------+-------------------------+---------------------+------------------------------------+
; Analysis & Synthesis      ; 00:01:34     ; 1.0                     ; 4902 MB             ; 00:02:03                           ;
; Fitter                    ; 00:00:16     ; 1.1                     ; 5836 MB             ; 00:00:22                           ;
; Assembler                 ; 00:00:06     ; 1.0                     ; 4686 MB             ; 00:00:06                           ;
; TimeQuest Timing Analyzer ; 00:00:09     ; 1.2                     ; 4833 MB             ; 00:00:10                           ;
; EDA Netlist Writer        ; 00:00:15     ; 1.0                     ; 4671 MB             ; 00:00:16                           ;
; Total                     ; 00:02:20     ; --                      ; --                  ; 00:02:57                           ;
+---------------------------+--------------+-------------------------+---------------------+------------------------------------+


+-----------------------------------------------------------------------------------------+
; Flow OS Summary                                                                         ;
+---------------------------+------------------+------------+------------+----------------+
; Module Name               ; Machine Hostname ; OS Name    ; OS Version ; Processor type ;
+---------------------------+------------------+------------+------------+----------------+
; Analysis & Synthesis      ; LAPTOP-I74R48GR  ; Windows 10 ; 10.0       ; x86_64         ;
; Fitter                    ; LAPTOP-I74R48GR  ; Windows 10 ; 10.0       ; x86_64         ;
; Assembler                 ; LAPTOP-I74R48GR  ; Windows 10 ; 10.0       ; x86_64         ;
; TimeQuest Timing Analyzer ; LAPTOP-I74R48GR  ; Windows 10 ; 10.0       ; x86_64         ;
; EDA Netlist Writer        ; LAPTOP-I74R48GR  ; Windows 10 ; 10.0       ; x86_64         ;
+---------------------------+------------------+------------+------------+----------------+


------------
; Flow Log ;
------------
quartus_map --read_settings_files=on --write_settings_files=off Oscill_main_top -c Oscill_main_top
quartus_fit --read_settings_files=off --write_settings_files=off Oscill_main_top -c Oscill_main_top
quartus_asm --read_settings_files=off --write_settings_files=off Oscill_main_top -c Oscill_main_top
quartus_sta Oscill_main_top -c Oscill_main_top
quartus_eda --read_settings_files=off --write_settings_files=off Oscill_main_top -c Oscill_main_top



